<?xml version="1.0" encoding="UTF-8"?>
<testng-results skipped="0" failed="0" total="1" passed="1">
  <reporter-output>
  </reporter-output>
  <suite name="Default suite" duration-ms="29906" started-at="2020-01-27T10:50:56Z" finished-at="2020-01-27T10:51:26Z">
    <groups>
    </groups>
    <test name="Default test" duration-ms="29906" started-at="2020-01-27T10:50:56Z" finished-at="2020-01-27T10:51:26Z">
      <class name="testRunner.TestRunnerClass">
        <test-method status="PASS" signature="setUp()[pri:0, instance:testRunner.TestRunnerClass@2b80d80f]" name="setUp" is-config="true" duration-ms="10213" started-at="2020-01-27T16:20:56Z" finished-at="2020-01-27T16:21:06Z">
          <reporter-output>
          </reporter-output>
        </test-method> <!-- setUp -->
        <test-method status="PASS" signature="curefit()[pri:0, instance:testRunner.TestRunnerClass@2b80d80f]" name="curefit" duration-ms="19611" started-at="2020-01-27T16:21:06Z" finished-at="2020-01-27T16:21:25Z">
          <reporter-output>
          </reporter-output>
        </test-method> <!-- curefit -->
        <test-method status="PASS" signature="tearDown()[pri:0, instance:testRunner.TestRunnerClass@2b80d80f]" name="tearDown" is-config="true" duration-ms="61" started-at="2020-01-27T16:21:25Z" finished-at="2020-01-27T16:21:26Z">
          <reporter-output>
          </reporter-output>
        </test-method> <!-- tearDown -->
      </class> <!-- testRunner.TestRunnerClass -->
    </test> <!-- Default test -->
  </suite> <!-- Default suite -->
</testng-results>
